CPU: AMD Ryzen 3700x CPU  @ 3.6GHz
Number of threads: 16
-------------------------------- Test 1 (Squared matrix SVD) OMP --------------------------------
Dimensions, height: 1000, width: 1000
How many repetitions?: 2
SVD OMP time with U,V calculation: 0.328457
||A-USVt||_F: 2.06454e-11
-------------------------------- Test 1 (Squared matrix SVD) OMP --------------------------------
Dimensions, height: 1000, width: 1000
How many repetitions?: 2
SVD OMP time with U,V calculation: 0.298526
||A-USVt||_F: 1.69495e-11
-------------------------------- Test 1 (Squared matrix SVD) OMP --------------------------------
Dimensions, height: 1000, width: 1000
How many repetitions?: 2
SVD OMP time with U,V calculation: 0.287639
||A-USVt||_F: 1.96395e-11
Tiempo promedio: 0.304874
-------------------------------- Test 1 (Squared matrix SVD) OMP --------------------------------
Dimensions, height: 2000, width: 2000
How many repetitions?: 2
SVD OMP time with U,V calculation: 23.067
||A-USVt||_F: -nan
-------------------------------- Test 1 (Squared matrix SVD) OMP --------------------------------
Dimensions, height: 2000, width: 2000
How many repetitions?: 2
SVD OMP time with U,V calculation: 23.0036
||A-USVt||_F: 1.29805e-10
-------------------------------- Test 1 (Squared matrix SVD) OMP --------------------------------
Dimensions, height: 2000, width: 2000
How many repetitions?: 2
SVD OMP time with U,V calculation: 23.0047
||A-USVt||_F: 1.15199e-10
Tiempo promedio: 23.0251
-------------------------------- Test 1 (Squared matrix SVD) OMP --------------------------------
Dimensions, height: 3000, width: 3000
How many repetitions?: 2
SVD OMP time with U,V calculation: 79.9925
||A-USVt||_F: -nan
-------------------------------- Test 1 (Squared matrix SVD) OMP --------------------------------
Dimensions, height: 3000, width: 3000
How many repetitions?: 2
SVD OMP time with U,V calculation: 80.031
||A-USVt||_F: -nan
-------------------------------- Test 1 (Squared matrix SVD) OMP --------------------------------
Dimensions, height: 3000, width: 3000
How many repetitions?: 2
SVD OMP time with U,V calculation: 80.0399
||A-USVt||_F: -nan
Tiempo promedio: 80.0211
-------------------------------- Test 1 (Squared matrix SVD) OMP --------------------------------
Dimensions, height: 4000, width: 4000
How many repetitions?: 2
SVD OMP time with U,V calculation: 189.021
||A-USVt||_F: 7.55411e-10
-------------------------------- Test 1 (Squared matrix SVD) OMP --------------------------------
Dimensions, height: 4000, width: 4000
How many repetitions?: 2
SVD OMP time with U,V calculation: 189.492
||A-USVt||_F: 7.38496e-10
-------------------------------- Test 1 (Squared matrix SVD) OMP --------------------------------
Dimensions, height: 4000, width: 4000
How many repetitions?: 2
SVD OMP time with U,V calculation: 189.09
||A-USVt||_F: 7.58016e-10
Tiempo promedio: 189.201
-------------------------------- Test 1 (Squared matrix SVD) OMP --------------------------------
Dimensions, height: 5000, width: 5000
How many repetitions?: 2
SVD OMP time with U,V calculation: 364.655
||A-USVt||_F: 1.25187e-09
-------------------------------- Test 1 (Squared matrix SVD) OMP --------------------------------
Dimensions, height: 5000, width: 5000
How many repetitions?: 2
SVD OMP time with U,V calculation: 365.079
||A-USVt||_F: 1.29901e-09
-------------------------------- Test 1 (Squared matrix SVD) OMP --------------------------------
Dimensions, height: 5000, width: 5000
How many repetitions?: 2
SVD OMP time with U,V calculation: 365.231
||A-USVt||_F: 1.29343e-09
Tiempo promedio: 364.988
-------------------------------- Test 1 (Squared matrix SVD) OMP --------------------------------
Dimensions, height: 6000, width: 6000
How many repetitions?: 2
SVD OMP time with U,V calculation: 625.34
||A-USVt||_F: 1.92262e-09
-------------------------------- Test 1 (Squared matrix SVD) OMP --------------------------------
Dimensions, height: 6000, width: 6000
How many repetitions?: 2
SVD OMP time with U,V calculation: 610.644
||A-USVt||_F: 1.94941e-09
-------------------------------- Test 1 (Squared matrix SVD) OMP --------------------------------
Dimensions, height: 6000, width: 6000
How many repetitions?: 2
SVD OMP time with U,V calculation: 625.222
||A-USVt||_F: 1.91798e-09
Tiempo promedio: 620.402
-------------------------------- Test 1 (Squared matrix SVD) OMP --------------------------------
Dimensions, height: 7000, width: 7000
How many repetitions?: 2
SVD OMP time with U,V calculation: 985.71
||A-USVt||_F: 2.85072e-09
-------------------------------- Test 1 (Squared matrix SVD) OMP --------------------------------
Dimensions, height: 7000, width: 7000
How many repetitions?: 2
SVD OMP time with U,V calculation: 946.866
||A-USVt||_F: 2.75154e-09
-------------------------------- Test 1 (Squared matrix SVD) OMP --------------------------------
Dimensions, height: 7000, width: 7000
How many repetitions?: 2
SVD OMP time with U,V calculation: 990.39
||A-USVt||_F: 2.76976e-09
Tiempo promedio: 974.322
-------------------------------- Test 1 (Squared matrix SVD) OMP --------------------------------
Dimensions, height: 8000, width: 8000
How many repetitions?: 2
SVD OMP time with U,V calculation: 1469.81
||A-USVt||_F: 3.74444e-09
-------------------------------- Test 1 (Squared matrix SVD) OMP --------------------------------
Dimensions, height: 8000, width: 8000
How many repetitions?: 2
SVD OMP time with U,V calculation: 1465.88
||A-USVt||_F: 3.79573e-09
-------------------------------- Test 1 (Squared matrix SVD) OMP --------------------------------
Dimensions, height: 8000, width: 8000
How many repetitions?: 2
SVD OMP time with U,V calculation: 1465.29
||A-USVt||_F: 3.6726e-09
Tiempo promedio: 1467
-------------------------------- Test 1 (Squared matrix SVD) OMP --------------------------------
Dimensions, height: 9000, width: 9000
How many repetitions?: 2
SVD OMP time with U,V calculation: 2002.37
||A-USVt||_F: 4.86532e-09
-------------------------------- Test 1 (Squared matrix SVD) OMP --------------------------------
Dimensions, height: 9000, width: 9000
How many repetitions?: 2
SVD OMP time with U,V calculation: 2003.91
||A-USVt||_F: 4.83181e-09
-------------------------------- Test 1 (Squared matrix SVD) OMP --------------------------------
Dimensions, height: 9000, width: 9000
How many repetitions?: 2
SVD OMP time with U,V calculation: 2093.77
||A-USVt||_F: 4.85461e-09
Tiempo promedio: 2033.35
-------------------------------- Test 1 (Squared matrix SVD) OMP --------------------------------
Dimensions, height: 10000, width: 10000
How many repetitions?: 2
SVD OMP time with U,V calculation: 2853.03
||A-USVt||_F: 5.88007e-09
-------------------------------- Test 1 (Squared matrix SVD) OMP --------------------------------
Dimensions, height: 10000, width: 10000
How many repetitions?: 2
SVD OMP time with U,V calculation: 2855.23
||A-USVt||_F: 6.00071e-09
-------------------------------- Test 1 (Squared matrix SVD) OMP --------------------------------
Dimensions, height: 10000, width: 10000
How many repetitions?: 2
SVD OMP time with U,V calculation: 2869.83
||A-USVt||_F: 5.93636e-09
Tiempo promedio: 2859.36
CPU: AMD Ryzen 3700x CPU  @ 3.6GHz
Number of threads: 16
-------------------------------- Test 1 (Squared matrix SVD) OMP --------------------------------
Dimensions, height: 1000, width: 1000
How many repetitions?: 3
SVD OMP time with U,V calculation: 0.446632
||A-USVt||_F: 6.3514e-11
-------------------------------- Test 1 (Squared matrix SVD) OMP --------------------------------
Dimensions, height: 1000, width: 1000
How many repetitions?: 3
SVD OMP time with U,V calculation: 0.434967
||A-USVt||_F: 5.47354e-11
-------------------------------- Test 1 (Squared matrix SVD) OMP --------------------------------
Dimensions, height: 1000, width: 1000
How many repetitions?: 3
SVD OMP time with U,V calculation: 0.438445
||A-USVt||_F: 6.11477e-11
Tiempo promedio: 0.440015
-------------------------------- Test 1 (Squared matrix SVD) OMP --------------------------------
Dimensions, height: 2000, width: 2000
How many repetitions?: 3
SVD OMP time with U,V calculation: 34.5206
||A-USVt||_F: 2.5207e-10
-------------------------------- Test 1 (Squared matrix SVD) OMP --------------------------------
Dimensions, height: 2000, width: 2000
How many repetitions?: 3
SVD OMP time with U,V calculation: 33.8607
||A-USVt||_F: 2.79934e-10
-------------------------------- Test 1 (Squared matrix SVD) OMP --------------------------------
Dimensions, height: 2000, width: 2000
How many repetitions?: 3
SVD OMP time with U,V calculation: 34.0277
||A-USVt||_F: 2.74456e-10
Tiempo promedio: 34.1363
-------------------------------- Test 1 (Squared matrix SVD) OMP --------------------------------
Dimensions, height: 3000, width: 3000
How many repetitions?: 3
SVD OMP time with U,V calculation: 119.579
||A-USVt||_F: -nan
-------------------------------- Test 1 (Squared matrix SVD) OMP --------------------------------
Dimensions, height: 3000, width: 3000
How many repetitions?: 3
SVD OMP time with U,V calculation: 119.735
||A-USVt||_F: -nan
-------------------------------- Test 1 (Squared matrix SVD) OMP --------------------------------
Dimensions, height: 3000, width: 3000
How many repetitions?: 3
SVD OMP time with U,V calculation: 119.677
||A-USVt||_F: -nan
Tiempo promedio: 119.664
-------------------------------- Test 1 (Squared matrix SVD) OMP --------------------------------
Dimensions, height: 4000, width: 4000
How many repetitions?: 3
SVD OMP time with U,V calculation: 279.975
||A-USVt||_F: 1.32381e-09
-------------------------------- Test 1 (Squared matrix SVD) OMP --------------------------------
Dimensions, height: 4000, width: 4000
How many repetitions?: 3
SVD OMP time with U,V calculation: 280.496
||A-USVt||_F: 1.35609e-09
-------------------------------- Test 1 (Squared matrix SVD) OMP --------------------------------
Dimensions, height: 4000, width: 4000
How many repetitions?: 3
SVD OMP time with U,V calculation: 280.305
||A-USVt||_F: 1.329e-09
Tiempo promedio: 280.259
-------------------------------- Test 1 (Squared matrix SVD) OMP --------------------------------
Dimensions, height: 5000, width: 5000
How many repetitions?: 3
SVD OMP time with U,V calculation: 543.511
||A-USVt||_F: 2.01388e-09
-------------------------------- Test 1 (Squared matrix SVD) OMP --------------------------------
Dimensions, height: 5000, width: 5000
How many repetitions?: 3
SVD OMP time with U,V calculation: 528.328
||A-USVt||_F: 2.18985e-09
-------------------------------- Test 1 (Squared matrix SVD) OMP --------------------------------
Dimensions, height: 5000, width: 5000
How many repetitions?: 3
SVD OMP time with U,V calculation: 528.193
||A-USVt||_F: 2.17242e-09
Tiempo promedio: 533.344
-------------------------------- Test 1 (Squared matrix SVD) OMP --------------------------------
Dimensions, height: 6000, width: 6000
How many repetitions?: 3
SVD OMP time with U,V calculation: 932.114
||A-USVt||_F: 3.2695e-09
-------------------------------- Test 1 (Squared matrix SVD) OMP --------------------------------
Dimensions, height: 6000, width: 6000
How many repetitions?: 3
SVD OMP time with U,V calculation: 932.83
||A-USVt||_F: 3.23564e-09
-------------------------------- Test 1 (Squared matrix SVD) OMP --------------------------------
Dimensions, height: 6000, width: 6000
How many repetitions?: 3
SVD OMP time with U,V calculation: 932.769
||A-USVt||_F: 3.34288e-09
Tiempo promedio: 932.571
-------------------------------- Test 1 (Squared matrix SVD) OMP --------------------------------
Dimensions, height: 7000, width: 7000
How many repetitions?: 3
SVD OMP time with U,V calculation: 1472.47
||A-USVt||_F: 4.45607e-09
-------------------------------- Test 1 (Squared matrix SVD) OMP --------------------------------
Dimensions, height: 7000, width: 7000
How many repetitions?: 3
SVD OMP time with U,V calculation: 1473.43
||A-USVt||_F: 4.56573e-09
-------------------------------- Test 1 (Squared matrix SVD) OMP --------------------------------
Dimensions, height: 7000, width: 7000
How many repetitions?: 3
SVD OMP time with U,V calculation: 1479.25
||A-USVt||_F: 4.68831e-09
Tiempo promedio: 1475.05
-------------------------------- Test 1 (Squared matrix SVD) OMP --------------------------------
Dimensions, height: 8000, width: 8000
How many repetitions?: 3
SVD OMP time with U,V calculation: 2196.01
||A-USVt||_F: 5.93127e-09
-------------------------------- Test 1 (Squared matrix SVD) OMP --------------------------------
Dimensions, height: 8000, width: 8000
How many repetitions?: 3
SVD OMP time with U,V calculation: 2109.42
||A-USVt||_F: 6.1685e-09
-------------------------------- Test 1 (Squared matrix SVD) OMP --------------------------------
Dimensions, height: 8000, width: 8000
How many repetitions?: 3
SVD OMP time with U,V calculation: 2195.62
||A-USVt||_F: 6.09114e-09
Tiempo promedio: 2167.02
-------------------------------- Test 1 (Squared matrix SVD) OMP --------------------------------
Dimensions, height: 9000, width: 9000
How many repetitions?: 3
SVD OMP time with U,V calculation: 3134.79
||A-USVt||_F: 7.79834e-09
-------------------------------- Test 1 (Squared matrix SVD) OMP --------------------------------
Dimensions, height: 9000, width: 9000
How many repetitions?: 3
SVD OMP time with U,V calculation: 3135.29
||A-USVt||_F: 7.80944e-09
-------------------------------- Test 1 (Squared matrix SVD) OMP --------------------------------
Dimensions, height: 9000, width: 9000
How many repetitions?: 3
SVD OMP time with U,V calculation: 3134.41
||A-USVt||_F: 7.52646e-09
Tiempo promedio: 3134.83
-------------------------------- Test 1 (Squared matrix SVD) OMP --------------------------------
Dimensions, height: 10000, width: 10000
How many repetitions?: 3
SVD OMP time with U,V calculation: 4126.39
||A-USVt||_F: 9.64964e-09
-------------------------------- Test 1 (Squared matrix SVD) OMP --------------------------------
Dimensions, height: 10000, width: 10000
How many repetitions?: 3
SVD OMP time with U,V calculation: 4125.62
||A-USVt||_F: 9.77754e-09
-------------------------------- Test 1 (Squared matrix SVD) OMP --------------------------------
Dimensions, height: 10000, width: 10000
How many repetitions?: 3
SVD OMP time with U,V calculation: 4303.73
||A-USVt||_F: 9.52418e-09
Tiempo promedio: 4185.25
